<?xml version="1.0" encoding="UTF-8"?>
<testng-results ignored="0" total="5" passed="0" failed="0" skipped="5">
  <reporter-output>
  </reporter-output>
  <suite started-at="2024-07-05T15:44:18 IST" name="Default suite" finished-at="2024-07-05T15:44:24 IST" duration-ms="6636">
    <groups>
    </groups>
    <test started-at="2024-07-05T15:44:18 IST" name="Default test" finished-at="2024-07-05T15:44:24 IST" duration-ms="6636">
      <class name="Tates.LoginPage_TC1">
        <test-method is-config="true" signature="createDriver()[pri:0, instance:Tates.LoginPage_TC1@29215f06]" started-at="2024-07-05T15:44:18 IST" name="createDriver" finished-at="2024-07-05T15:44:24 IST" duration-ms="6208" status="FAIL">
          <exception class="org.openqa.selenium.SessionNotCreatedException">
            <message>
              <![CDATA[session not created: This version of ChromeDriver only supports Chrome version 128
Current browser version is 126.0.6478.127 with binary path C:\Program Files\Google\Chrome\Application\chrome.exe
Build info: version: '3.141.59', revision: 'e82be7d358', time: '2018-11-14T08:17:03'
System info: host: 'DESKTOP-4BVF3HV', ip: '192.168.0.102', os.name: 'Windows 10', os.arch: 'amd64', os.version: '10.0', java.version: '21.0.3'
Driver info: driver.version: ChromeDriver
remote stacktrace: GetHandleVerifier [0x00007FF6C0505E92+3121442]
(No symbol) [0x00007FF6C018B2D9]
(No symbol) [0x00007FF6C004CEDA]
(No symbol) [0x00007FF6C008F057]
(No symbol) [0x00007FF6C008E0C1]
(No symbol) [0x00007FF6C0088C51]
(No symbol) [0x00007FF6C008377A]
(No symbol) [0x00007FF6C00D17A8]
(No symbol) [0x00007FF6C00D0E60]
(No symbol) [0x00007FF6C00C5903]
(No symbol) [0x00007FF6C0092311]
(No symbol) [0x00007FF6C0093481]
GetHandleVerifier [0x00007FF6C0534FBD+3314253]
GetHandleVerifier [0x00007FF6C0580A6D+3624189]
GetHandleVerifier [0x00007FF6C0576B37+3583431]
GetHandleVerifier [0x00007FF6C02CD976+793606]
(No symbol) [0x00007FF6C01965FF]
(No symbol) [0x00007FF6C0191FC4]
(No symbol) [0x00007FF6C0192150]
(No symbol) [0x00007FF6C018176F]
BaseThreadInitThunk [0x00007FFA508D7604+20]
RtlUserThreadStart [0x00007FFA517826A1+33]
]]>
            </message>
            <full-stacktrace>
              <![CDATA[org.openqa.selenium.SessionNotCreatedException: session not created: This version of ChromeDriver only supports Chrome version 128
Current browser version is 126.0.6478.127 with binary path C:\Program Files\Google\Chrome\Application\chrome.exe
Build info: version: '3.141.59', revision: 'e82be7d358', time: '2018-11-14T08:17:03'
System info: host: 'DESKTOP-4BVF3HV', ip: '192.168.0.102', os.name: 'Windows 10', os.arch: 'amd64', os.version: '10.0', java.version: '21.0.3'
Driver info: driver.version: ChromeDriver
remote stacktrace: GetHandleVerifier [0x00007FF6C0505E92+3121442]
(No symbol) [0x00007FF6C018B2D9]
(No symbol) [0x00007FF6C004CEDA]
(No symbol) [0x00007FF6C008F057]
(No symbol) [0x00007FF6C008E0C1]
(No symbol) [0x00007FF6C0088C51]
(No symbol) [0x00007FF6C008377A]
(No symbol) [0x00007FF6C00D17A8]
(No symbol) [0x00007FF6C00D0E60]
(No symbol) [0x00007FF6C00C5903]
(No symbol) [0x00007FF6C0092311]
(No symbol) [0x00007FF6C0093481]
GetHandleVerifier [0x00007FF6C0534FBD+3314253]
GetHandleVerifier [0x00007FF6C0580A6D+3624189]
GetHandleVerifier [0x00007FF6C0576B37+3583431]
GetHandleVerifier [0x00007FF6C02CD976+793606]
(No symbol) [0x00007FF6C01965FF]
(No symbol) [0x00007FF6C0191FC4]
(No symbol) [0x00007FF6C0192150]
(No symbol) [0x00007FF6C018176F]
BaseThreadInitThunk [0x00007FFA508D7604+20]
RtlUserThreadStart [0x00007FFA517826A1+33]

at java.base/jdk.internal.reflect.DirectConstructorHandleAccessor.newInstance(DirectConstructorHandleAccessor.java:62)
at java.base/java.lang.reflect.Constructor.newInstanceWithCaller(Constructor.java:502)
at java.base/java.lang.reflect.Constructor.newInstance(Constructor.java:486)
at org.openqa.selenium.remote.W3CHandshakeResponse.lambda$errorHandler$0(W3CHandshakeResponse.java:62)
at org.openqa.selenium.remote.HandshakeResponse.lambda$getResponseFunction$0(HandshakeResponse.java:30)
at org.openqa.selenium.remote.ProtocolHandshake.lambda$createSession$0(ProtocolHandshake.java:126)
at java.base/java.util.stream.ReferencePipeline$3$1.accept(ReferencePipeline.java:197)
at java.base/java.util.Spliterators$ArraySpliterator.tryAdvance(Spliterators.java:1034)
at java.base/java.util.stream.ReferencePipeline.forEachWithCancel(ReferencePipeline.java:129)
at java.base/java.util.stream.AbstractPipeline.copyIntoWithCancel(AbstractPipeline.java:527)
at java.base/java.util.stream.AbstractPipeline.copyInto(AbstractPipeline.java:513)
at java.base/java.util.stream.AbstractPipeline.wrapAndCopyInto(AbstractPipeline.java:499)
at java.base/java.util.stream.FindOps$FindOp.evaluateSequential(FindOps.java:150)
at java.base/java.util.stream.AbstractPipeline.evaluate(AbstractPipeline.java:234)
at java.base/java.util.stream.ReferencePipeline.findFirst(ReferencePipeline.java:647)
at org.openqa.selenium.remote.ProtocolHandshake.createSession(ProtocolHandshake.java:128)
at org.openqa.selenium.remote.ProtocolHandshake.createSession(ProtocolHandshake.java:74)
at org.openqa.selenium.remote.HttpCommandExecutor.execute(HttpCommandExecutor.java:136)
at org.openqa.selenium.remote.service.DriverCommandExecutor.execute(DriverCommandExecutor.java:83)
at org.openqa.selenium.remote.RemoteWebDriver.execute(RemoteWebDriver.java:552)
at org.openqa.selenium.remote.RemoteWebDriver.startSession(RemoteWebDriver.java:213)
at org.openqa.selenium.remote.RemoteWebDriver.<init>(RemoteWebDriver.java:131)
at org.openqa.selenium.chrome.ChromeDriver.<init>(ChromeDriver.java:181)
at org.openqa.selenium.chrome.ChromeDriver.<init>(ChromeDriver.java:168)
at org.openqa.selenium.chrome.ChromeDriver.<init>(ChromeDriver.java:157)
at com.tates.base.WebPlatformHandler.createDriver(WebPlatformHandler.java:66)
at java.base/jdk.internal.reflect.DirectMethodHandleAccessor.invoke(DirectMethodHandleAccessor.java:103)
at java.base/java.lang.reflect.Method.invoke(Method.java:580)
at org.testng.internal.MethodInvocationHelper.invokeMethod(MethodInvocationHelper.java:133)
at org.testng.internal.MethodInvocationHelper.invokeMethodConsideringTimeout(MethodInvocationHelper.java:62)
at org.testng.internal.ConfigInvoker.invokeConfigurationMethod(ConfigInvoker.java:385)
at org.testng.internal.ConfigInvoker.invokeConfigurations(ConfigInvoker.java:321)
at org.testng.internal.TestMethodWorker.invokeBeforeClassMethods(TestMethodWorker.java:176)
at org.testng.internal.TestMethodWorker.run(TestMethodWorker.java:122)
at java.base/java.util.ArrayList.forEach(ArrayList.java:1596)
at org.testng.TestRunner.privateRun(TestRunner.java:794)
at org.testng.TestRunner.run(TestRunner.java:596)
at org.testng.SuiteRunner.runTest(SuiteRunner.java:377)
at org.testng.SuiteRunner.runSequentially(SuiteRunner.java:371)
at org.testng.SuiteRunner.privateRun(SuiteRunner.java:332)
at org.testng.SuiteRunner.run(SuiteRunner.java:276)
at org.testng.SuiteRunnerWorker.runSuite(SuiteRunnerWorker.java:53)
at org.testng.SuiteRunnerWorker.run(SuiteRunnerWorker.java:96)
at org.testng.TestNG.runSuitesSequentially(TestNG.java:1212)
at org.testng.TestNG.runSuitesLocally(TestNG.java:1134)
at org.testng.TestNG.runSuites(TestNG.java:1063)
at org.testng.TestNG.run(TestNG.java:1031)
at org.testng.remote.AbstractRemoteTestNG.run(AbstractRemoteTestNG.java:115)
at org.testng.remote.RemoteTestNG.initAndRun(RemoteTestNG.java:293)
at org.testng.remote.RemoteTestNG.main(RemoteTestNG.java:91)
]]>
            </full-stacktrace>
          </exception> <!-- org.openqa.selenium.SessionNotCreatedException -->
          <reporter-output>
          </reporter-output>
        </test-method> <!-- createDriver -->
        <test-method signature="verifyLoginWithInValidData1()[pri:1, instance:Tates.LoginPage_TC1@29215f06]" started-at="2024-07-05T15:44:24 IST" name="verifyLoginWithInValidData1" finished-at="2024-07-05T15:44:24 IST" duration-ms="1" status="SKIP">
          <exception class="org.openqa.selenium.SessionNotCreatedException">
            <message>
              <![CDATA[session not created: This version of ChromeDriver only supports Chrome version 128
Current browser version is 126.0.6478.127 with binary path C:\Program Files\Google\Chrome\Application\chrome.exe
Build info: version: '3.141.59', revision: 'e82be7d358', time: '2018-11-14T08:17:03'
System info: host: 'DESKTOP-4BVF3HV', ip: '192.168.0.102', os.name: 'Windows 10', os.arch: 'amd64', os.version: '10.0', java.version: '21.0.3'
Driver info: driver.version: ChromeDriver
remote stacktrace: GetHandleVerifier [0x00007FF6C0505E92+3121442]
(No symbol) [0x00007FF6C018B2D9]
(No symbol) [0x00007FF6C004CEDA]
(No symbol) [0x00007FF6C008F057]
(No symbol) [0x00007FF6C008E0C1]
(No symbol) [0x00007FF6C0088C51]
(No symbol) [0x00007FF6C008377A]
(No symbol) [0x00007FF6C00D17A8]
(No symbol) [0x00007FF6C00D0E60]
(No symbol) [0x00007FF6C00C5903]
(No symbol) [0x00007FF6C0092311]
(No symbol) [0x00007FF6C0093481]
GetHandleVerifier [0x00007FF6C0534FBD+3314253]
GetHandleVerifier [0x00007FF6C0580A6D+3624189]
GetHandleVerifier [0x00007FF6C0576B37+3583431]
GetHandleVerifier [0x00007FF6C02CD976+793606]
(No symbol) [0x00007FF6C01965FF]
(No symbol) [0x00007FF6C0191FC4]
(No symbol) [0x00007FF6C0192150]
(No symbol) [0x00007FF6C018176F]
BaseThreadInitThunk [0x00007FFA508D7604+20]
RtlUserThreadStart [0x00007FFA517826A1+33]
]]>
            </message>
            <full-stacktrace>
              <![CDATA[org.openqa.selenium.SessionNotCreatedException: session not created: This version of ChromeDriver only supports Chrome version 128
Current browser version is 126.0.6478.127 with binary path C:\Program Files\Google\Chrome\Application\chrome.exe
Build info: version: '3.141.59', revision: 'e82be7d358', time: '2018-11-14T08:17:03'
System info: host: 'DESKTOP-4BVF3HV', ip: '192.168.0.102', os.name: 'Windows 10', os.arch: 'amd64', os.version: '10.0', java.version: '21.0.3'
Driver info: driver.version: ChromeDriver
remote stacktrace: GetHandleVerifier [0x00007FF6C0505E92+3121442]
(No symbol) [0x00007FF6C018B2D9]
(No symbol) [0x00007FF6C004CEDA]
(No symbol) [0x00007FF6C008F057]
(No symbol) [0x00007FF6C008E0C1]
(No symbol) [0x00007FF6C0088C51]
(No symbol) [0x00007FF6C008377A]
(No symbol) [0x00007FF6C00D17A8]
(No symbol) [0x00007FF6C00D0E60]
(No symbol) [0x00007FF6C00C5903]
(No symbol) [0x00007FF6C0092311]
(No symbol) [0x00007FF6C0093481]
GetHandleVerifier [0x00007FF6C0534FBD+3314253]
GetHandleVerifier [0x00007FF6C0580A6D+3624189]
GetHandleVerifier [0x00007FF6C0576B37+3583431]
GetHandleVerifier [0x00007FF6C02CD976+793606]
(No symbol) [0x00007FF6C01965FF]
(No symbol) [0x00007FF6C0191FC4]
(No symbol) [0x00007FF6C0192150]
(No symbol) [0x00007FF6C018176F]
BaseThreadInitThunk [0x00007FFA508D7604+20]
RtlUserThreadStart [0x00007FFA517826A1+33]

at java.base/jdk.internal.reflect.DirectConstructorHandleAccessor.newInstance(DirectConstructorHandleAccessor.java:62)
at java.base/java.lang.reflect.Constructor.newInstanceWithCaller(Constructor.java:502)
at java.base/java.lang.reflect.Constructor.newInstance(Constructor.java:486)
at org.openqa.selenium.remote.W3CHandshakeResponse.lambda$errorHandler$0(W3CHandshakeResponse.java:62)
at org.openqa.selenium.remote.HandshakeResponse.lambda$getResponseFunction$0(HandshakeResponse.java:30)
at org.openqa.selenium.remote.ProtocolHandshake.lambda$createSession$0(ProtocolHandshake.java:126)
at java.base/java.util.stream.ReferencePipeline$3$1.accept(ReferencePipeline.java:197)
at java.base/java.util.Spliterators$ArraySpliterator.tryAdvance(Spliterators.java:1034)
at java.base/java.util.stream.ReferencePipeline.forEachWithCancel(ReferencePipeline.java:129)
at java.base/java.util.stream.AbstractPipeline.copyIntoWithCancel(AbstractPipeline.java:527)
at java.base/java.util.stream.AbstractPipeline.copyInto(AbstractPipeline.java:513)
at java.base/java.util.stream.AbstractPipeline.wrapAndCopyInto(AbstractPipeline.java:499)
at java.base/java.util.stream.FindOps$FindOp.evaluateSequential(FindOps.java:150)
at java.base/java.util.stream.AbstractPipeline.evaluate(AbstractPipeline.java:234)
at java.base/java.util.stream.ReferencePipeline.findFirst(ReferencePipeline.java:647)
at org.openqa.selenium.remote.ProtocolHandshake.createSession(ProtocolHandshake.java:128)
at org.openqa.selenium.remote.ProtocolHandshake.createSession(ProtocolHandshake.java:74)
at org.openqa.selenium.remote.HttpCommandExecutor.execute(HttpCommandExecutor.java:136)
at org.openqa.selenium.remote.service.DriverCommandExecutor.execute(DriverCommandExecutor.java:83)
at org.openqa.selenium.remote.RemoteWebDriver.execute(RemoteWebDriver.java:552)
at org.openqa.selenium.remote.RemoteWebDriver.startSession(RemoteWebDriver.java:213)
at org.openqa.selenium.remote.RemoteWebDriver.<init>(RemoteWebDriver.java:131)
at org.openqa.selenium.chrome.ChromeDriver.<init>(ChromeDriver.java:181)
at org.openqa.selenium.chrome.ChromeDriver.<init>(ChromeDriver.java:168)
at org.openqa.selenium.chrome.ChromeDriver.<init>(ChromeDriver.java:157)
at com.tates.base.WebPlatformHandler.createDriver(WebPlatformHandler.java:66)
at java.base/jdk.internal.reflect.DirectMethodHandleAccessor.invoke(DirectMethodHandleAccessor.java:103)
at java.base/java.lang.reflect.Method.invoke(Method.java:580)
at org.testng.internal.MethodInvocationHelper.invokeMethod(MethodInvocationHelper.java:133)
at org.testng.internal.MethodInvocationHelper.invokeMethodConsideringTimeout(MethodInvocationHelper.java:62)
at org.testng.internal.ConfigInvoker.invokeConfigurationMethod(ConfigInvoker.java:385)
at org.testng.internal.ConfigInvoker.invokeConfigurations(ConfigInvoker.java:321)
at org.testng.internal.TestMethodWorker.invokeBeforeClassMethods(TestMethodWorker.java:176)
at org.testng.internal.TestMethodWorker.run(TestMethodWorker.java:122)
at java.base/java.util.ArrayList.forEach(ArrayList.java:1596)
at org.testng.TestRunner.privateRun(TestRunner.java:794)
at org.testng.TestRunner.run(TestRunner.java:596)
at org.testng.SuiteRunner.runTest(SuiteRunner.java:377)
at org.testng.SuiteRunner.runSequentially(SuiteRunner.java:371)
at org.testng.SuiteRunner.privateRun(SuiteRunner.java:332)
at org.testng.SuiteRunner.run(SuiteRunner.java:276)
at org.testng.SuiteRunnerWorker.runSuite(SuiteRunnerWorker.java:53)
at org.testng.SuiteRunnerWorker.run(SuiteRunnerWorker.java:96)
at org.testng.TestNG.runSuitesSequentially(TestNG.java:1212)
at org.testng.TestNG.runSuitesLocally(TestNG.java:1134)
at org.testng.TestNG.runSuites(TestNG.java:1063)
at org.testng.TestNG.run(TestNG.java:1031)
at org.testng.remote.AbstractRemoteTestNG.run(AbstractRemoteTestNG.java:115)
at org.testng.remote.RemoteTestNG.initAndRun(RemoteTestNG.java:293)
at org.testng.remote.RemoteTestNG.main(RemoteTestNG.java:91)
]]>
            </full-stacktrace>
          </exception> <!-- org.openqa.selenium.SessionNotCreatedException -->
          <reporter-output>
          </reporter-output>
        </test-method> <!-- verifyLoginWithInValidData1 -->
        <test-method signature="verifyLoginWithInValidData2()[pri:2, instance:Tates.LoginPage_TC1@29215f06]" started-at="2024-07-05T15:44:24 IST" name="verifyLoginWithInValidData2" finished-at="2024-07-05T15:44:24 IST" duration-ms="0" status="SKIP">
          <exception class="org.openqa.selenium.SessionNotCreatedException">
            <message>
              <![CDATA[session not created: This version of ChromeDriver only supports Chrome version 128
Current browser version is 126.0.6478.127 with binary path C:\Program Files\Google\Chrome\Application\chrome.exe
Build info: version: '3.141.59', revision: 'e82be7d358', time: '2018-11-14T08:17:03'
System info: host: 'DESKTOP-4BVF3HV', ip: '192.168.0.102', os.name: 'Windows 10', os.arch: 'amd64', os.version: '10.0', java.version: '21.0.3'
Driver info: driver.version: ChromeDriver
remote stacktrace: GetHandleVerifier [0x00007FF6C0505E92+3121442]
(No symbol) [0x00007FF6C018B2D9]
(No symbol) [0x00007FF6C004CEDA]
(No symbol) [0x00007FF6C008F057]
(No symbol) [0x00007FF6C008E0C1]
(No symbol) [0x00007FF6C0088C51]
(No symbol) [0x00007FF6C008377A]
(No symbol) [0x00007FF6C00D17A8]
(No symbol) [0x00007FF6C00D0E60]
(No symbol) [0x00007FF6C00C5903]
(No symbol) [0x00007FF6C0092311]
(No symbol) [0x00007FF6C0093481]
GetHandleVerifier [0x00007FF6C0534FBD+3314253]
GetHandleVerifier [0x00007FF6C0580A6D+3624189]
GetHandleVerifier [0x00007FF6C0576B37+3583431]
GetHandleVerifier [0x00007FF6C02CD976+793606]
(No symbol) [0x00007FF6C01965FF]
(No symbol) [0x00007FF6C0191FC4]
(No symbol) [0x00007FF6C0192150]
(No symbol) [0x00007FF6C018176F]
BaseThreadInitThunk [0x00007FFA508D7604+20]
RtlUserThreadStart [0x00007FFA517826A1+33]
]]>
            </message>
            <full-stacktrace>
              <![CDATA[org.openqa.selenium.SessionNotCreatedException: session not created: This version of ChromeDriver only supports Chrome version 128
Current browser version is 126.0.6478.127 with binary path C:\Program Files\Google\Chrome\Application\chrome.exe
Build info: version: '3.141.59', revision: 'e82be7d358', time: '2018-11-14T08:17:03'
System info: host: 'DESKTOP-4BVF3HV', ip: '192.168.0.102', os.name: 'Windows 10', os.arch: 'amd64', os.version: '10.0', java.version: '21.0.3'
Driver info: driver.version: ChromeDriver
remote stacktrace: GetHandleVerifier [0x00007FF6C0505E92+3121442]
(No symbol) [0x00007FF6C018B2D9]
(No symbol) [0x00007FF6C004CEDA]
(No symbol) [0x00007FF6C008F057]
(No symbol) [0x00007FF6C008E0C1]
(No symbol) [0x00007FF6C0088C51]
(No symbol) [0x00007FF6C008377A]
(No symbol) [0x00007FF6C00D17A8]
(No symbol) [0x00007FF6C00D0E60]
(No symbol) [0x00007FF6C00C5903]
(No symbol) [0x00007FF6C0092311]
(No symbol) [0x00007FF6C0093481]
GetHandleVerifier [0x00007FF6C0534FBD+3314253]
GetHandleVerifier [0x00007FF6C0580A6D+3624189]
GetHandleVerifier [0x00007FF6C0576B37+3583431]
GetHandleVerifier [0x00007FF6C02CD976+793606]
(No symbol) [0x00007FF6C01965FF]
(No symbol) [0x00007FF6C0191FC4]
(No symbol) [0x00007FF6C0192150]
(No symbol) [0x00007FF6C018176F]
BaseThreadInitThunk [0x00007FFA508D7604+20]
RtlUserThreadStart [0x00007FFA517826A1+33]

at java.base/jdk.internal.reflect.DirectConstructorHandleAccessor.newInstance(DirectConstructorHandleAccessor.java:62)
at java.base/java.lang.reflect.Constructor.newInstanceWithCaller(Constructor.java:502)
at java.base/java.lang.reflect.Constructor.newInstance(Constructor.java:486)
at org.openqa.selenium.remote.W3CHandshakeResponse.lambda$errorHandler$0(W3CHandshakeResponse.java:62)
at org.openqa.selenium.remote.HandshakeResponse.lambda$getResponseFunction$0(HandshakeResponse.java:30)
at org.openqa.selenium.remote.ProtocolHandshake.lambda$createSession$0(ProtocolHandshake.java:126)
at java.base/java.util.stream.ReferencePipeline$3$1.accept(ReferencePipeline.java:197)
at java.base/java.util.Spliterators$ArraySpliterator.tryAdvance(Spliterators.java:1034)
at java.base/java.util.stream.ReferencePipeline.forEachWithCancel(ReferencePipeline.java:129)
at java.base/java.util.stream.AbstractPipeline.copyIntoWithCancel(AbstractPipeline.java:527)
at java.base/java.util.stream.AbstractPipeline.copyInto(AbstractPipeline.java:513)
at java.base/java.util.stream.AbstractPipeline.wrapAndCopyInto(AbstractPipeline.java:499)
at java.base/java.util.stream.FindOps$FindOp.evaluateSequential(FindOps.java:150)
at java.base/java.util.stream.AbstractPipeline.evaluate(AbstractPipeline.java:234)
at java.base/java.util.stream.ReferencePipeline.findFirst(ReferencePipeline.java:647)
at org.openqa.selenium.remote.ProtocolHandshake.createSession(ProtocolHandshake.java:128)
at org.openqa.selenium.remote.ProtocolHandshake.createSession(ProtocolHandshake.java:74)
at org.openqa.selenium.remote.HttpCommandExecutor.execute(HttpCommandExecutor.java:136)
at org.openqa.selenium.remote.service.DriverCommandExecutor.execute(DriverCommandExecutor.java:83)
at org.openqa.selenium.remote.RemoteWebDriver.execute(RemoteWebDriver.java:552)
at org.openqa.selenium.remote.RemoteWebDriver.startSession(RemoteWebDriver.java:213)
at org.openqa.selenium.remote.RemoteWebDriver.<init>(RemoteWebDriver.java:131)
at org.openqa.selenium.chrome.ChromeDriver.<init>(ChromeDriver.java:181)
at org.openqa.selenium.chrome.ChromeDriver.<init>(ChromeDriver.java:168)
at org.openqa.selenium.chrome.ChromeDriver.<init>(ChromeDriver.java:157)
at com.tates.base.WebPlatformHandler.createDriver(WebPlatformHandler.java:66)
at java.base/jdk.internal.reflect.DirectMethodHandleAccessor.invoke(DirectMethodHandleAccessor.java:103)
at java.base/java.lang.reflect.Method.invoke(Method.java:580)
at org.testng.internal.MethodInvocationHelper.invokeMethod(MethodInvocationHelper.java:133)
at org.testng.internal.MethodInvocationHelper.invokeMethodConsideringTimeout(MethodInvocationHelper.java:62)
at org.testng.internal.ConfigInvoker.invokeConfigurationMethod(ConfigInvoker.java:385)
at org.testng.internal.ConfigInvoker.invokeConfigurations(ConfigInvoker.java:321)
at org.testng.internal.TestMethodWorker.invokeBeforeClassMethods(TestMethodWorker.java:176)
at org.testng.internal.TestMethodWorker.run(TestMethodWorker.java:122)
at java.base/java.util.ArrayList.forEach(ArrayList.java:1596)
at org.testng.TestRunner.privateRun(TestRunner.java:794)
at org.testng.TestRunner.run(TestRunner.java:596)
at org.testng.SuiteRunner.runTest(SuiteRunner.java:377)
at org.testng.SuiteRunner.runSequentially(SuiteRunner.java:371)
at org.testng.SuiteRunner.privateRun(SuiteRunner.java:332)
at org.testng.SuiteRunner.run(SuiteRunner.java:276)
at org.testng.SuiteRunnerWorker.runSuite(SuiteRunnerWorker.java:53)
at org.testng.SuiteRunnerWorker.run(SuiteRunnerWorker.java:96)
at org.testng.TestNG.runSuitesSequentially(TestNG.java:1212)
at org.testng.TestNG.runSuitesLocally(TestNG.java:1134)
at org.testng.TestNG.runSuites(TestNG.java:1063)
at org.testng.TestNG.run(TestNG.java:1031)
at org.testng.remote.AbstractRemoteTestNG.run(AbstractRemoteTestNG.java:115)
at org.testng.remote.RemoteTestNG.initAndRun(RemoteTestNG.java:293)
at org.testng.remote.RemoteTestNG.main(RemoteTestNG.java:91)
]]>
            </full-stacktrace>
          </exception> <!-- org.openqa.selenium.SessionNotCreatedException -->
          <reporter-output>
          </reporter-output>
        </test-method> <!-- verifyLoginWithInValidData2 -->
        <test-method signature="verifyLoginWithInValidData3()[pri:3, instance:Tates.LoginPage_TC1@29215f06]" started-at="2024-07-05T15:44:24 IST" name="verifyLoginWithInValidData3" finished-at="2024-07-05T15:44:24 IST" duration-ms="1" status="SKIP">
          <exception class="org.openqa.selenium.SessionNotCreatedException">
            <message>
              <![CDATA[session not created: This version of ChromeDriver only supports Chrome version 128
Current browser version is 126.0.6478.127 with binary path C:\Program Files\Google\Chrome\Application\chrome.exe
Build info: version: '3.141.59', revision: 'e82be7d358', time: '2018-11-14T08:17:03'
System info: host: 'DESKTOP-4BVF3HV', ip: '192.168.0.102', os.name: 'Windows 10', os.arch: 'amd64', os.version: '10.0', java.version: '21.0.3'
Driver info: driver.version: ChromeDriver
remote stacktrace: GetHandleVerifier [0x00007FF6C0505E92+3121442]
(No symbol) [0x00007FF6C018B2D9]
(No symbol) [0x00007FF6C004CEDA]
(No symbol) [0x00007FF6C008F057]
(No symbol) [0x00007FF6C008E0C1]
(No symbol) [0x00007FF6C0088C51]
(No symbol) [0x00007FF6C008377A]
(No symbol) [0x00007FF6C00D17A8]
(No symbol) [0x00007FF6C00D0E60]
(No symbol) [0x00007FF6C00C5903]
(No symbol) [0x00007FF6C0092311]
(No symbol) [0x00007FF6C0093481]
GetHandleVerifier [0x00007FF6C0534FBD+3314253]
GetHandleVerifier [0x00007FF6C0580A6D+3624189]
GetHandleVerifier [0x00007FF6C0576B37+3583431]
GetHandleVerifier [0x00007FF6C02CD976+793606]
(No symbol) [0x00007FF6C01965FF]
(No symbol) [0x00007FF6C0191FC4]
(No symbol) [0x00007FF6C0192150]
(No symbol) [0x00007FF6C018176F]
BaseThreadInitThunk [0x00007FFA508D7604+20]
RtlUserThreadStart [0x00007FFA517826A1+33]
]]>
            </message>
            <full-stacktrace>
              <![CDATA[org.openqa.selenium.SessionNotCreatedException: session not created: This version of ChromeDriver only supports Chrome version 128
Current browser version is 126.0.6478.127 with binary path C:\Program Files\Google\Chrome\Application\chrome.exe
Build info: version: '3.141.59', revision: 'e82be7d358', time: '2018-11-14T08:17:03'
System info: host: 'DESKTOP-4BVF3HV', ip: '192.168.0.102', os.name: 'Windows 10', os.arch: 'amd64', os.version: '10.0', java.version: '21.0.3'
Driver info: driver.version: ChromeDriver
remote stacktrace: GetHandleVerifier [0x00007FF6C0505E92+3121442]
(No symbol) [0x00007FF6C018B2D9]
(No symbol) [0x00007FF6C004CEDA]
(No symbol) [0x00007FF6C008F057]
(No symbol) [0x00007FF6C008E0C1]
(No symbol) [0x00007FF6C0088C51]
(No symbol) [0x00007FF6C008377A]
(No symbol) [0x00007FF6C00D17A8]
(No symbol) [0x00007FF6C00D0E60]
(No symbol) [0x00007FF6C00C5903]
(No symbol) [0x00007FF6C0092311]
(No symbol) [0x00007FF6C0093481]
GetHandleVerifier [0x00007FF6C0534FBD+3314253]
GetHandleVerifier [0x00007FF6C0580A6D+3624189]
GetHandleVerifier [0x00007FF6C0576B37+3583431]
GetHandleVerifier [0x00007FF6C02CD976+793606]
(No symbol) [0x00007FF6C01965FF]
(No symbol) [0x00007FF6C0191FC4]
(No symbol) [0x00007FF6C0192150]
(No symbol) [0x00007FF6C018176F]
BaseThreadInitThunk [0x00007FFA508D7604+20]
RtlUserThreadStart [0x00007FFA517826A1+33]

at java.base/jdk.internal.reflect.DirectConstructorHandleAccessor.newInstance(DirectConstructorHandleAccessor.java:62)
at java.base/java.lang.reflect.Constructor.newInstanceWithCaller(Constructor.java:502)
at java.base/java.lang.reflect.Constructor.newInstance(Constructor.java:486)
at org.openqa.selenium.remote.W3CHandshakeResponse.lambda$errorHandler$0(W3CHandshakeResponse.java:62)
at org.openqa.selenium.remote.HandshakeResponse.lambda$getResponseFunction$0(HandshakeResponse.java:30)
at org.openqa.selenium.remote.ProtocolHandshake.lambda$createSession$0(ProtocolHandshake.java:126)
at java.base/java.util.stream.ReferencePipeline$3$1.accept(ReferencePipeline.java:197)
at java.base/java.util.Spliterators$ArraySpliterator.tryAdvance(Spliterators.java:1034)
at java.base/java.util.stream.ReferencePipeline.forEachWithCancel(ReferencePipeline.java:129)
at java.base/java.util.stream.AbstractPipeline.copyIntoWithCancel(AbstractPipeline.java:527)
at java.base/java.util.stream.AbstractPipeline.copyInto(AbstractPipeline.java:513)
at java.base/java.util.stream.AbstractPipeline.wrapAndCopyInto(AbstractPipeline.java:499)
at java.base/java.util.stream.FindOps$FindOp.evaluateSequential(FindOps.java:150)
at java.base/java.util.stream.AbstractPipeline.evaluate(AbstractPipeline.java:234)
at java.base/java.util.stream.ReferencePipeline.findFirst(ReferencePipeline.java:647)
at org.openqa.selenium.remote.ProtocolHandshake.createSession(ProtocolHandshake.java:128)
at org.openqa.selenium.remote.ProtocolHandshake.createSession(ProtocolHandshake.java:74)
at org.openqa.selenium.remote.HttpCommandExecutor.execute(HttpCommandExecutor.java:136)
at org.openqa.selenium.remote.service.DriverCommandExecutor.execute(DriverCommandExecutor.java:83)
at org.openqa.selenium.remote.RemoteWebDriver.execute(RemoteWebDriver.java:552)
at org.openqa.selenium.remote.RemoteWebDriver.startSession(RemoteWebDriver.java:213)
at org.openqa.selenium.remote.RemoteWebDriver.<init>(RemoteWebDriver.java:131)
at org.openqa.selenium.chrome.ChromeDriver.<init>(ChromeDriver.java:181)
at org.openqa.selenium.chrome.ChromeDriver.<init>(ChromeDriver.java:168)
at org.openqa.selenium.chrome.ChromeDriver.<init>(ChromeDriver.java:157)
at com.tates.base.WebPlatformHandler.createDriver(WebPlatformHandler.java:66)
at java.base/jdk.internal.reflect.DirectMethodHandleAccessor.invoke(DirectMethodHandleAccessor.java:103)
at java.base/java.lang.reflect.Method.invoke(Method.java:580)
at org.testng.internal.MethodInvocationHelper.invokeMethod(MethodInvocationHelper.java:133)
at org.testng.internal.MethodInvocationHelper.invokeMethodConsideringTimeout(MethodInvocationHelper.java:62)
at org.testng.internal.ConfigInvoker.invokeConfigurationMethod(ConfigInvoker.java:385)
at org.testng.internal.ConfigInvoker.invokeConfigurations(ConfigInvoker.java:321)
at org.testng.internal.TestMethodWorker.invokeBeforeClassMethods(TestMethodWorker.java:176)
at org.testng.internal.TestMethodWorker.run(TestMethodWorker.java:122)
at java.base/java.util.ArrayList.forEach(ArrayList.java:1596)
at org.testng.TestRunner.privateRun(TestRunner.java:794)
at org.testng.TestRunner.run(TestRunner.java:596)
at org.testng.SuiteRunner.runTest(SuiteRunner.java:377)
at org.testng.SuiteRunner.runSequentially(SuiteRunner.java:371)
at org.testng.SuiteRunner.privateRun(SuiteRunner.java:332)
at org.testng.SuiteRunner.run(SuiteRunner.java:276)
at org.testng.SuiteRunnerWorker.runSuite(SuiteRunnerWorker.java:53)
at org.testng.SuiteRunnerWorker.run(SuiteRunnerWorker.java:96)
at org.testng.TestNG.runSuitesSequentially(TestNG.java:1212)
at org.testng.TestNG.runSuitesLocally(TestNG.java:1134)
at org.testng.TestNG.runSuites(TestNG.java:1063)
at org.testng.TestNG.run(TestNG.java:1031)
at org.testng.remote.AbstractRemoteTestNG.run(AbstractRemoteTestNG.java:115)
at org.testng.remote.RemoteTestNG.initAndRun(RemoteTestNG.java:293)
at org.testng.remote.RemoteTestNG.main(RemoteTestNG.java:91)
]]>
            </full-stacktrace>
          </exception> <!-- org.openqa.selenium.SessionNotCreatedException -->
          <reporter-output>
          </reporter-output>
        </test-method> <!-- verifyLoginWithInValidData3 -->
        <test-method signature="LoginwithBlankData()[pri:4, instance:Tates.LoginPage_TC1@29215f06]" started-at="2024-07-05T15:44:24 IST" name="LoginwithBlankData" finished-at="2024-07-05T15:44:24 IST" duration-ms="0" status="SKIP">
          <exception class="org.openqa.selenium.SessionNotCreatedException">
            <message>
              <![CDATA[session not created: This version of ChromeDriver only supports Chrome version 128
Current browser version is 126.0.6478.127 with binary path C:\Program Files\Google\Chrome\Application\chrome.exe
Build info: version: '3.141.59', revision: 'e82be7d358', time: '2018-11-14T08:17:03'
System info: host: 'DESKTOP-4BVF3HV', ip: '192.168.0.102', os.name: 'Windows 10', os.arch: 'amd64', os.version: '10.0', java.version: '21.0.3'
Driver info: driver.version: ChromeDriver
remote stacktrace: GetHandleVerifier [0x00007FF6C0505E92+3121442]
(No symbol) [0x00007FF6C018B2D9]
(No symbol) [0x00007FF6C004CEDA]
(No symbol) [0x00007FF6C008F057]
(No symbol) [0x00007FF6C008E0C1]
(No symbol) [0x00007FF6C0088C51]
(No symbol) [0x00007FF6C008377A]
(No symbol) [0x00007FF6C00D17A8]
(No symbol) [0x00007FF6C00D0E60]
(No symbol) [0x00007FF6C00C5903]
(No symbol) [0x00007FF6C0092311]
(No symbol) [0x00007FF6C0093481]
GetHandleVerifier [0x00007FF6C0534FBD+3314253]
GetHandleVerifier [0x00007FF6C0580A6D+3624189]
GetHandleVerifier [0x00007FF6C0576B37+3583431]
GetHandleVerifier [0x00007FF6C02CD976+793606]
(No symbol) [0x00007FF6C01965FF]
(No symbol) [0x00007FF6C0191FC4]
(No symbol) [0x00007FF6C0192150]
(No symbol) [0x00007FF6C018176F]
BaseThreadInitThunk [0x00007FFA508D7604+20]
RtlUserThreadStart [0x00007FFA517826A1+33]
]]>
            </message>
            <full-stacktrace>
              <![CDATA[org.openqa.selenium.SessionNotCreatedException: session not created: This version of ChromeDriver only supports Chrome version 128
Current browser version is 126.0.6478.127 with binary path C:\Program Files\Google\Chrome\Application\chrome.exe
Build info: version: '3.141.59', revision: 'e82be7d358', time: '2018-11-14T08:17:03'
System info: host: 'DESKTOP-4BVF3HV', ip: '192.168.0.102', os.name: 'Windows 10', os.arch: 'amd64', os.version: '10.0', java.version: '21.0.3'
Driver info: driver.version: ChromeDriver
remote stacktrace: GetHandleVerifier [0x00007FF6C0505E92+3121442]
(No symbol) [0x00007FF6C018B2D9]
(No symbol) [0x00007FF6C004CEDA]
(No symbol) [0x00007FF6C008F057]
(No symbol) [0x00007FF6C008E0C1]
(No symbol) [0x00007FF6C0088C51]
(No symbol) [0x00007FF6C008377A]
(No symbol) [0x00007FF6C00D17A8]
(No symbol) [0x00007FF6C00D0E60]
(No symbol) [0x00007FF6C00C5903]
(No symbol) [0x00007FF6C0092311]
(No symbol) [0x00007FF6C0093481]
GetHandleVerifier [0x00007FF6C0534FBD+3314253]
GetHandleVerifier [0x00007FF6C0580A6D+3624189]
GetHandleVerifier [0x00007FF6C0576B37+3583431]
GetHandleVerifier [0x00007FF6C02CD976+793606]
(No symbol) [0x00007FF6C01965FF]
(No symbol) [0x00007FF6C0191FC4]
(No symbol) [0x00007FF6C0192150]
(No symbol) [0x00007FF6C018176F]
BaseThreadInitThunk [0x00007FFA508D7604+20]
RtlUserThreadStart [0x00007FFA517826A1+33]

at java.base/jdk.internal.reflect.DirectConstructorHandleAccessor.newInstance(DirectConstructorHandleAccessor.java:62)
at java.base/java.lang.reflect.Constructor.newInstanceWithCaller(Constructor.java:502)
at java.base/java.lang.reflect.Constructor.newInstance(Constructor.java:486)
at org.openqa.selenium.remote.W3CHandshakeResponse.lambda$errorHandler$0(W3CHandshakeResponse.java:62)
at org.openqa.selenium.remote.HandshakeResponse.lambda$getResponseFunction$0(HandshakeResponse.java:30)
at org.openqa.selenium.remote.ProtocolHandshake.lambda$createSession$0(ProtocolHandshake.java:126)
at java.base/java.util.stream.ReferencePipeline$3$1.accept(ReferencePipeline.java:197)
at java.base/java.util.Spliterators$ArraySpliterator.tryAdvance(Spliterators.java:1034)
at java.base/java.util.stream.ReferencePipeline.forEachWithCancel(ReferencePipeline.java:129)
at java.base/java.util.stream.AbstractPipeline.copyIntoWithCancel(AbstractPipeline.java:527)
at java.base/java.util.stream.AbstractPipeline.copyInto(AbstractPipeline.java:513)
at java.base/java.util.stream.AbstractPipeline.wrapAndCopyInto(AbstractPipeline.java:499)
at java.base/java.util.stream.FindOps$FindOp.evaluateSequential(FindOps.java:150)
at java.base/java.util.stream.AbstractPipeline.evaluate(AbstractPipeline.java:234)
at java.base/java.util.stream.ReferencePipeline.findFirst(ReferencePipeline.java:647)
at org.openqa.selenium.remote.ProtocolHandshake.createSession(ProtocolHandshake.java:128)
at org.openqa.selenium.remote.ProtocolHandshake.createSession(ProtocolHandshake.java:74)
at org.openqa.selenium.remote.HttpCommandExecutor.execute(HttpCommandExecutor.java:136)
at org.openqa.selenium.remote.service.DriverCommandExecutor.execute(DriverCommandExecutor.java:83)
at org.openqa.selenium.remote.RemoteWebDriver.execute(RemoteWebDriver.java:552)
at org.openqa.selenium.remote.RemoteWebDriver.startSession(RemoteWebDriver.java:213)
at org.openqa.selenium.remote.RemoteWebDriver.<init>(RemoteWebDriver.java:131)
at org.openqa.selenium.chrome.ChromeDriver.<init>(ChromeDriver.java:181)
at org.openqa.selenium.chrome.ChromeDriver.<init>(ChromeDriver.java:168)
at org.openqa.selenium.chrome.ChromeDriver.<init>(ChromeDriver.java:157)
at com.tates.base.WebPlatformHandler.createDriver(WebPlatformHandler.java:66)
at java.base/jdk.internal.reflect.DirectMethodHandleAccessor.invoke(DirectMethodHandleAccessor.java:103)
at java.base/java.lang.reflect.Method.invoke(Method.java:580)
at org.testng.internal.MethodInvocationHelper.invokeMethod(MethodInvocationHelper.java:133)
at org.testng.internal.MethodInvocationHelper.invokeMethodConsideringTimeout(MethodInvocationHelper.java:62)
at org.testng.internal.ConfigInvoker.invokeConfigurationMethod(ConfigInvoker.java:385)
at org.testng.internal.ConfigInvoker.invokeConfigurations(ConfigInvoker.java:321)
at org.testng.internal.TestMethodWorker.invokeBeforeClassMethods(TestMethodWorker.java:176)
at org.testng.internal.TestMethodWorker.run(TestMethodWorker.java:122)
at java.base/java.util.ArrayList.forEach(ArrayList.java:1596)
at org.testng.TestRunner.privateRun(TestRunner.java:794)
at org.testng.TestRunner.run(TestRunner.java:596)
at org.testng.SuiteRunner.runTest(SuiteRunner.java:377)
at org.testng.SuiteRunner.runSequentially(SuiteRunner.java:371)
at org.testng.SuiteRunner.privateRun(SuiteRunner.java:332)
at org.testng.SuiteRunner.run(SuiteRunner.java:276)
at org.testng.SuiteRunnerWorker.runSuite(SuiteRunnerWorker.java:53)
at org.testng.SuiteRunnerWorker.run(SuiteRunnerWorker.java:96)
at org.testng.TestNG.runSuitesSequentially(TestNG.java:1212)
at org.testng.TestNG.runSuitesLocally(TestNG.java:1134)
at org.testng.TestNG.runSuites(TestNG.java:1063)
at org.testng.TestNG.run(TestNG.java:1031)
at org.testng.remote.AbstractRemoteTestNG.run(AbstractRemoteTestNG.java:115)
at org.testng.remote.RemoteTestNG.initAndRun(RemoteTestNG.java:293)
at org.testng.remote.RemoteTestNG.main(RemoteTestNG.java:91)
]]>
            </full-stacktrace>
          </exception> <!-- org.openqa.selenium.SessionNotCreatedException -->
          <reporter-output>
          </reporter-output>
        </test-method> <!-- LoginwithBlankData -->
        <test-method signature="verifyLoginWithValidData()[pri:5, instance:Tates.LoginPage_TC1@29215f06]" started-at="2024-07-05T15:44:24 IST" name="verifyLoginWithValidData" finished-at="2024-07-05T15:44:24 IST" duration-ms="0" status="SKIP">
          <exception class="org.openqa.selenium.SessionNotCreatedException">
            <message>
              <![CDATA[session not created: This version of ChromeDriver only supports Chrome version 128
Current browser version is 126.0.6478.127 with binary path C:\Program Files\Google\Chrome\Application\chrome.exe
Build info: version: '3.141.59', revision: 'e82be7d358', time: '2018-11-14T08:17:03'
System info: host: 'DESKTOP-4BVF3HV', ip: '192.168.0.102', os.name: 'Windows 10', os.arch: 'amd64', os.version: '10.0', java.version: '21.0.3'
Driver info: driver.version: ChromeDriver
remote stacktrace: GetHandleVerifier [0x00007FF6C0505E92+3121442]
(No symbol) [0x00007FF6C018B2D9]
(No symbol) [0x00007FF6C004CEDA]
(No symbol) [0x00007FF6C008F057]
(No symbol) [0x00007FF6C008E0C1]
(No symbol) [0x00007FF6C0088C51]
(No symbol) [0x00007FF6C008377A]
(No symbol) [0x00007FF6C00D17A8]
(No symbol) [0x00007FF6C00D0E60]
(No symbol) [0x00007FF6C00C5903]
(No symbol) [0x00007FF6C0092311]
(No symbol) [0x00007FF6C0093481]
GetHandleVerifier [0x00007FF6C0534FBD+3314253]
GetHandleVerifier [0x00007FF6C0580A6D+3624189]
GetHandleVerifier [0x00007FF6C0576B37+3583431]
GetHandleVerifier [0x00007FF6C02CD976+793606]
(No symbol) [0x00007FF6C01965FF]
(No symbol) [0x00007FF6C0191FC4]
(No symbol) [0x00007FF6C0192150]
(No symbol) [0x00007FF6C018176F]
BaseThreadInitThunk [0x00007FFA508D7604+20]
RtlUserThreadStart [0x00007FFA517826A1+33]
]]>
            </message>
            <full-stacktrace>
              <![CDATA[org.openqa.selenium.SessionNotCreatedException: session not created: This version of ChromeDriver only supports Chrome version 128
Current browser version is 126.0.6478.127 with binary path C:\Program Files\Google\Chrome\Application\chrome.exe
Build info: version: '3.141.59', revision: 'e82be7d358', time: '2018-11-14T08:17:03'
System info: host: 'DESKTOP-4BVF3HV', ip: '192.168.0.102', os.name: 'Windows 10', os.arch: 'amd64', os.version: '10.0', java.version: '21.0.3'
Driver info: driver.version: ChromeDriver
remote stacktrace: GetHandleVerifier [0x00007FF6C0505E92+3121442]
(No symbol) [0x00007FF6C018B2D9]
(No symbol) [0x00007FF6C004CEDA]
(No symbol) [0x00007FF6C008F057]
(No symbol) [0x00007FF6C008E0C1]
(No symbol) [0x00007FF6C0088C51]
(No symbol) [0x00007FF6C008377A]
(No symbol) [0x00007FF6C00D17A8]
(No symbol) [0x00007FF6C00D0E60]
(No symbol) [0x00007FF6C00C5903]
(No symbol) [0x00007FF6C0092311]
(No symbol) [0x00007FF6C0093481]
GetHandleVerifier [0x00007FF6C0534FBD+3314253]
GetHandleVerifier [0x00007FF6C0580A6D+3624189]
GetHandleVerifier [0x00007FF6C0576B37+3583431]
GetHandleVerifier [0x00007FF6C02CD976+793606]
(No symbol) [0x00007FF6C01965FF]
(No symbol) [0x00007FF6C0191FC4]
(No symbol) [0x00007FF6C0192150]
(No symbol) [0x00007FF6C018176F]
BaseThreadInitThunk [0x00007FFA508D7604+20]
RtlUserThreadStart [0x00007FFA517826A1+33]

at java.base/jdk.internal.reflect.DirectConstructorHandleAccessor.newInstance(DirectConstructorHandleAccessor.java:62)
at java.base/java.lang.reflect.Constructor.newInstanceWithCaller(Constructor.java:502)
at java.base/java.lang.reflect.Constructor.newInstance(Constructor.java:486)
at org.openqa.selenium.remote.W3CHandshakeResponse.lambda$errorHandler$0(W3CHandshakeResponse.java:62)
at org.openqa.selenium.remote.HandshakeResponse.lambda$getResponseFunction$0(HandshakeResponse.java:30)
at org.openqa.selenium.remote.ProtocolHandshake.lambda$createSession$0(ProtocolHandshake.java:126)
at java.base/java.util.stream.ReferencePipeline$3$1.accept(ReferencePipeline.java:197)
at java.base/java.util.Spliterators$ArraySpliterator.tryAdvance(Spliterators.java:1034)
at java.base/java.util.stream.ReferencePipeline.forEachWithCancel(ReferencePipeline.java:129)
at java.base/java.util.stream.AbstractPipeline.copyIntoWithCancel(AbstractPipeline.java:527)
at java.base/java.util.stream.AbstractPipeline.copyInto(AbstractPipeline.java:513)
at java.base/java.util.stream.AbstractPipeline.wrapAndCopyInto(AbstractPipeline.java:499)
at java.base/java.util.stream.FindOps$FindOp.evaluateSequential(FindOps.java:150)
at java.base/java.util.stream.AbstractPipeline.evaluate(AbstractPipeline.java:234)
at java.base/java.util.stream.ReferencePipeline.findFirst(ReferencePipeline.java:647)
at org.openqa.selenium.remote.ProtocolHandshake.createSession(ProtocolHandshake.java:128)
at org.openqa.selenium.remote.ProtocolHandshake.createSession(ProtocolHandshake.java:74)
at org.openqa.selenium.remote.HttpCommandExecutor.execute(HttpCommandExecutor.java:136)
at org.openqa.selenium.remote.service.DriverCommandExecutor.execute(DriverCommandExecutor.java:83)
at org.openqa.selenium.remote.RemoteWebDriver.execute(RemoteWebDriver.java:552)
at org.openqa.selenium.remote.RemoteWebDriver.startSession(RemoteWebDriver.java:213)
at org.openqa.selenium.remote.RemoteWebDriver.<init>(RemoteWebDriver.java:131)
at org.openqa.selenium.chrome.ChromeDriver.<init>(ChromeDriver.java:181)
at org.openqa.selenium.chrome.ChromeDriver.<init>(ChromeDriver.java:168)
at org.openqa.selenium.chrome.ChromeDriver.<init>(ChromeDriver.java:157)
at com.tates.base.WebPlatformHandler.createDriver(WebPlatformHandler.java:66)
at java.base/jdk.internal.reflect.DirectMethodHandleAccessor.invoke(DirectMethodHandleAccessor.java:103)
at java.base/java.lang.reflect.Method.invoke(Method.java:580)
at org.testng.internal.MethodInvocationHelper.invokeMethod(MethodInvocationHelper.java:133)
at org.testng.internal.MethodInvocationHelper.invokeMethodConsideringTimeout(MethodInvocationHelper.java:62)
at org.testng.internal.ConfigInvoker.invokeConfigurationMethod(ConfigInvoker.java:385)
at org.testng.internal.ConfigInvoker.invokeConfigurations(ConfigInvoker.java:321)
at org.testng.internal.TestMethodWorker.invokeBeforeClassMethods(TestMethodWorker.java:176)
at org.testng.internal.TestMethodWorker.run(TestMethodWorker.java:122)
at java.base/java.util.ArrayList.forEach(ArrayList.java:1596)
at org.testng.TestRunner.privateRun(TestRunner.java:794)
at org.testng.TestRunner.run(TestRunner.java:596)
at org.testng.SuiteRunner.runTest(SuiteRunner.java:377)
at org.testng.SuiteRunner.runSequentially(SuiteRunner.java:371)
at org.testng.SuiteRunner.privateRun(SuiteRunner.java:332)
at org.testng.SuiteRunner.run(SuiteRunner.java:276)
at org.testng.SuiteRunnerWorker.runSuite(SuiteRunnerWorker.java:53)
at org.testng.SuiteRunnerWorker.run(SuiteRunnerWorker.java:96)
at org.testng.TestNG.runSuitesSequentially(TestNG.java:1212)
at org.testng.TestNG.runSuitesLocally(TestNG.java:1134)
at org.testng.TestNG.runSuites(TestNG.java:1063)
at org.testng.TestNG.run(TestNG.java:1031)
at org.testng.remote.AbstractRemoteTestNG.run(AbstractRemoteTestNG.java:115)
at org.testng.remote.RemoteTestNG.initAndRun(RemoteTestNG.java:293)
at org.testng.remote.RemoteTestNG.main(RemoteTestNG.java:91)
]]>
            </full-stacktrace>
          </exception> <!-- org.openqa.selenium.SessionNotCreatedException -->
          <reporter-output>
          </reporter-output>
        </test-method> <!-- verifyLoginWithValidData -->
        <test-method is-config="true" signature="tearDown()[pri:0, instance:Tates.LoginPage_TC1@29215f06]" started-at="2024-07-05T15:44:24 IST" name="tearDown" finished-at="1970-01-01T05:30:00 IST" duration-ms="-1720174464724" status="SKIP">
          <reporter-output>
          </reporter-output>
        </test-method> <!-- tearDown -->
      </class> <!-- Tates.LoginPage_TC1 -->
    </test> <!-- Default test -->
  </suite> <!-- Default suite -->
</testng-results>
