<?xml version="1.0" encoding="UTF-8"?>
<!-- Generated by org.testng.reporters.JUnitReportReporter -->
<testsuite hostname="DESKTOP-4BVF3HV" failures="0" tests="7" name="Tates.Checkout_TC" time="4.733" errors="1" timestamp="2024-07-05T15:17:36 IST" skipped="6">
  <testcase classname="Tates.Checkout_TC" name="createDriver" time="4.733">
    <error message="session not created: This version of ChromeDriver only supports Chrome version 91
Current browser version is 126.0.6478.127 with binary path C:\Program Files\Google\Chrome\Application\chrome.exe
Build info: version: &#039;3.141.59&#039;, revision: &#039;e82be7d358&#039;, time: &#039;2018-11-14T08:17:03&#039;
System info: host: &#039;DESKTOP-4BVF3HV&#039;, ip: &#039;192.168.0.102&#039;, os.name: &#039;Windows 10&#039;, os.arch: &#039;amd64&#039;, os.version: &#039;10.0&#039;, java.version: &#039;21.0.3&#039;
Driver info: driver.version: ChromeDriver
remote stacktrace: Backtrace:
	Ordinal0 [0x00392DB3+2502067]
	Ordinal0 [0x0032C5B1+2082225]
	Ordinal0 [0x00232498+1057944]
	Ordinal0 [0x002505DA+1181146]
	Ordinal0 [0x0024C43C+1164348]
	Ordinal0 [0x00249C73+1154163]
	Ordinal0 [0x00279A22+1350178]
	Ordinal0 [0x0027967A+1349242]
	Ordinal0 [0x00275BEB+1334251]
	Ordinal0 [0x00252174+1188212]
	Ordinal0 [0x00253009+1191945]
	GetHandleVerifier [0x0050EC5C+1511084]
	GetHandleVerifier [0x005B8522+2205554]
	GetHandleVerifier [0x00413393+480739]
	GetHandleVerifier [0x00412579+477129]
	Ordinal0 [0x00331E5D+2104925]
	Ordinal0 [0x003363F8+2122744]
	Ordinal0 [0x00336537+2123063]
	Ordinal0 [0x0033EE53+2158163]
	BaseThreadInitThunk [0x76680099+25]
	RtlGetAppContainerNamedObjectPath [0x776B7B6E+286]
	RtlGetAppContainerNamedObjectPath [0x776B7B3E+238]
" type="org.openqa.selenium.SessionNotCreatedException">
      <![CDATA[org.openqa.selenium.SessionNotCreatedException: session not created: This version of ChromeDriver only supports Chrome version 91
Current browser version is 126.0.6478.127 with binary path C:\Program Files\Google\Chrome\Application\chrome.exe
Build info: version: '3.141.59', revision: 'e82be7d358', time: '2018-11-14T08:17:03'
System info: host: 'DESKTOP-4BVF3HV', ip: '192.168.0.102', os.name: 'Windows 10', os.arch: 'amd64', os.version: '10.0', java.version: '21.0.3'
Driver info: driver.version: ChromeDriver
remote stacktrace: Backtrace:
Ordinal0 [0x00392DB3+2502067]
Ordinal0 [0x0032C5B1+2082225]
Ordinal0 [0x00232498+1057944]
Ordinal0 [0x002505DA+1181146]
Ordinal0 [0x0024C43C+1164348]
Ordinal0 [0x00249C73+1154163]
Ordinal0 [0x00279A22+1350178]
Ordinal0 [0x0027967A+1349242]
Ordinal0 [0x00275BEB+1334251]
Ordinal0 [0x00252174+1188212]
Ordinal0 [0x00253009+1191945]
GetHandleVerifier [0x0050EC5C+1511084]
GetHandleVerifier [0x005B8522+2205554]
GetHandleVerifier [0x00413393+480739]
GetHandleVerifier [0x00412579+477129]
Ordinal0 [0x00331E5D+2104925]
Ordinal0 [0x003363F8+2122744]
Ordinal0 [0x00336537+2123063]
Ordinal0 [0x0033EE53+2158163]
BaseThreadInitThunk [0x76680099+25]
RtlGetAppContainerNamedObjectPath [0x776B7B6E+286]
RtlGetAppContainerNamedObjectPath [0x776B7B3E+238]

at java.base/jdk.internal.reflect.DirectConstructorHandleAccessor.newInstance(DirectConstructorHandleAccessor.java:62)
at java.base/java.lang.reflect.Constructor.newInstanceWithCaller(Constructor.java:502)
at java.base/java.lang.reflect.Constructor.newInstance(Constructor.java:486)
at org.openqa.selenium.remote.W3CHandshakeResponse.lambda$errorHandler$0(W3CHandshakeResponse.java:62)
at org.openqa.selenium.remote.HandshakeResponse.lambda$getResponseFunction$0(HandshakeResponse.java:30)
at org.openqa.selenium.remote.ProtocolHandshake.lambda$createSession$0(ProtocolHandshake.java:126)
at java.base/java.util.stream.ReferencePipeline$3$1.accept(ReferencePipeline.java:197)
at java.base/java.util.Spliterators$ArraySpliterator.tryAdvance(Spliterators.java:1034)
at java.base/java.util.stream.ReferencePipeline.forEachWithCancel(ReferencePipeline.java:129)
at java.base/java.util.stream.AbstractPipeline.copyIntoWithCancel(AbstractPipeline.java:527)
at java.base/java.util.stream.AbstractPipeline.copyInto(AbstractPipeline.java:513)
at java.base/java.util.stream.AbstractPipeline.wrapAndCopyInto(AbstractPipeline.java:499)
at java.base/java.util.stream.FindOps$FindOp.evaluateSequential(FindOps.java:150)
at java.base/java.util.stream.AbstractPipeline.evaluate(AbstractPipeline.java:234)
at java.base/java.util.stream.ReferencePipeline.findFirst(ReferencePipeline.java:647)
at org.openqa.selenium.remote.ProtocolHandshake.createSession(ProtocolHandshake.java:128)
at org.openqa.selenium.remote.ProtocolHandshake.createSession(ProtocolHandshake.java:74)
at org.openqa.selenium.remote.HttpCommandExecutor.execute(HttpCommandExecutor.java:136)
at org.openqa.selenium.remote.service.DriverCommandExecutor.execute(DriverCommandExecutor.java:83)
at org.openqa.selenium.remote.RemoteWebDriver.execute(RemoteWebDriver.java:552)
at org.openqa.selenium.remote.RemoteWebDriver.startSession(RemoteWebDriver.java:213)
at org.openqa.selenium.remote.RemoteWebDriver.<init>(RemoteWebDriver.java:131)
at org.openqa.selenium.chrome.ChromeDriver.<init>(ChromeDriver.java:181)
at org.openqa.selenium.chrome.ChromeDriver.<init>(ChromeDriver.java:168)
at org.openqa.selenium.chrome.ChromeDriver.<init>(ChromeDriver.java:157)
at com.tates.base.WebPlatformHandler.createDriver(WebPlatformHandler.java:66)
at java.base/jdk.internal.reflect.DirectMethodHandleAccessor.invoke(DirectMethodHandleAccessor.java:103)
at java.base/java.lang.reflect.Method.invoke(Method.java:580)
at org.testng.internal.MethodInvocationHelper.invokeMethod(MethodInvocationHelper.java:133)
at org.testng.internal.MethodInvocationHelper.invokeMethodConsideringTimeout(MethodInvocationHelper.java:62)
at org.testng.internal.ConfigInvoker.invokeConfigurationMethod(ConfigInvoker.java:385)
at org.testng.internal.ConfigInvoker.invokeConfigurations(ConfigInvoker.java:321)
at org.testng.internal.TestMethodWorker.invokeBeforeClassMethods(TestMethodWorker.java:176)
at org.testng.internal.TestMethodWorker.run(TestMethodWorker.java:122)
at java.base/java.util.ArrayList.forEach(ArrayList.java:1596)
at org.testng.TestRunner.privateRun(TestRunner.java:794)
at org.testng.TestRunner.run(TestRunner.java:596)
at org.testng.SuiteRunner.runTest(SuiteRunner.java:377)
at org.testng.SuiteRunner.runSequentially(SuiteRunner.java:371)
at org.testng.SuiteRunner.privateRun(SuiteRunner.java:332)
at org.testng.SuiteRunner.run(SuiteRunner.java:276)
at org.testng.SuiteRunnerWorker.runSuite(SuiteRunnerWorker.java:53)
at org.testng.SuiteRunnerWorker.run(SuiteRunnerWorker.java:96)
at org.testng.TestNG.runSuitesSequentially(TestNG.java:1212)
at org.testng.TestNG.runSuitesLocally(TestNG.java:1134)
at org.testng.TestNG.runSuites(TestNG.java:1063)
at org.testng.TestNG.run(TestNG.java:1031)
at org.testng.remote.AbstractRemoteTestNG.run(AbstractRemoteTestNG.java:115)
at org.testng.remote.RemoteTestNG.initAndRun(RemoteTestNG.java:293)
at org.testng.remote.RemoteTestNG.main(RemoteTestNG.java:91)
]]>
    </error>
  </testcase> <!-- createDriver -->
  <system-out/>
  <testcase classname="Tates.Checkout_TC" name="VerifyCheckoutPage" time="0.000">
    <skipped/>
  </testcase> <!-- VerifyCheckoutPage -->
  <system-out/>
  <testcase classname="Tates.Checkout_TC" name="VerifyBillingAddress" time="0.000">
    <skipped/>
  </testcase> <!-- VerifyBillingAddress -->
  <system-out/>
  <testcase classname="Tates.Checkout_TC" name="VerifyGiftMessageandDeliveryDate" time="0.000">
    <skipped/>
  </testcase> <!-- VerifyGiftMessageandDeliveryDate -->
  <system-out/>
  <testcase classname="Tates.Checkout_TC" name="VerifyBillingInformation" time="0.000">
    <skipped/>
  </testcase> <!-- VerifyBillingInformation -->
  <system-out/>
  <testcase classname="Tates.Checkout_TC" name="VerifyCardInformation" time="0.000">
    <skipped/>
  </testcase> <!-- VerifyCardInformation -->
  <system-out/>
  <testcase classname="Tates.Checkout_TC" name="VerifyOrderSucess" time="0.000">
    <skipped/>
  </testcase> <!-- VerifyOrderSucess -->
  <system-out/>
</testsuite> <!-- Tates.Checkout_TC -->
